\BOOKMARK [1][-]{section.1}{\376\377\000I\000n\000t\000r\000o\000d\000u\000c\000c\000i\000\363\000n}{}% 1
\BOOKMARK [1][-]{section.2}{\376\377\000O\000b\000j\000e\000t\000i\000v\000o\000s}{}% 2
\BOOKMARK [2][-]{subsection.2.1}{\376\377\000O\000b\000j\000e\000t\000i\000v\000o\000\040\000G\000e\000n\000e\000r\000a\000l}{section.2}% 3
\BOOKMARK [2][-]{subsection.2.2}{\376\377\000O\000b\000j\000e\000t\000i\000v\000o\000s\000\040\000E\000s\000p\000e\000c\000\355\000f\000i\000c\000o\000s}{section.2}% 4
\BOOKMARK [1][-]{section.3}{\376\377\000F\000u\000n\000c\000i\000o\000n\000e\000s\000\040\000a\000g\000r\000e\000g\000a\000d\000a\000s}{}% 5
\BOOKMARK [1][-]{section.4}{\376\377\000R\000e\000f\000e\000r\000e\000n\000c\000i\000a\000\040\000d\000e\000\040\000C\000l\000a\000s\000e\000\040\000J\000o\000i\000n\000t}{}% 6
\BOOKMARK [2][-]{subsection.4.1}{\376\377\000D\000e\000s\000c\000r\000i\000p\000c\000i\000\363\000n\000\040\000D\000e\000t\000a\000l\000l\000a\000d\000a}{section.4}% 7
\BOOKMARK [2][-]{subsection.4.2}{\376\377\000D\000o\000c\000u\000m\000e\000n\000t\000a\000c\000i\000\363\000n\000\040\000d\000e\000\040\000F\000u\000n\000c\000i\000\363\000n\000\040\000M\000i\000e\000m\000b\000r\000o}{section.4}% 8
\BOOKMARK [3][-]{subsubsection.4.2.1}{\376\377\000a\000n\000g\000l\000e}{subsection.4.2}% 9
\BOOKMARK [3][-]{subsubsection.4.2.2}{\376\377\000g\000e\000n\000e\000r\000a\000t\000e\000R\000e\000f\000e\000r\000e\000n\000c\000e}{subsection.4.2}% 10
\BOOKMARK [3][-]{subsubsection.4.2.3}{\376\377\000g\000e\000t\000A\000n\000g\000l\000e}{subsection.4.2}% 11
\BOOKMARK [3][-]{subsubsection.4.2.4}{\376\377\000g\000e\000t\000N\000o\000r\000m\000a\000l\000V\000e\000c\000t\000o\000r}{subsection.4.2}% 12
\BOOKMARK [3][-]{subsubsection.4.2.5}{\376\377\000g\000e\000t\000P\000r\000o\000y\000e\000c\000t\000i\000o\000n}{subsection.4.2}% 13
\BOOKMARK [3][-]{subsubsection.4.2.6}{\376\377\000g\000e\000t\000P\000r\000o\000y\000e\000c\000t\000i\000o\000n\000V\000e\000c\000t\000o\000r}{subsection.4.2}% 14
\BOOKMARK [3][-]{subsubsection.4.2.7}{\376\377\000l\000e\000n\000g\000t\000h}{subsection.4.2}% 15
\BOOKMARK [2][-]{subsection.4.3}{\376\377\000R\000e\000f\000e\000r\000e\000n\000c\000i\000a\000\040\000d\000e\000\040\000C\000l\000a\000s\000e\000\040\000H\000e\000a\000d}{section.4}% 16
\BOOKMARK [2][-]{subsection.4.4}{\376\377\000D\000e\000s\000c\000r\000i\000p\000c\000i\000\363\000n\000\040\000D\000e\000t\000a\000l\000l\000a\000d\000a}{section.4}% 17
\BOOKMARK [2][-]{subsection.4.5}{\376\377\000D\000o\000c\000u\000m\000e\000n\000t\000a\000c\000i\000\363\000n\000\040\000d\000e\000\040\000F\000u\000n\000c\000i\000\363\000n\000\040\000M\000i\000e\000m\000b\000r\000o}{section.4}% 18
\BOOKMARK [3][-]{subsubsection.4.5.1}{\376\377\000g\000e\000t\000H\000e\000a\000d\000P\000i\000t\000c\000h}{subsection.4.5}% 19
\BOOKMARK [1][-]{section.5}{\376\377\000R\000e\000f\000e\000r\000e\000n\000c\000i\000a\000\040\000d\000e\000\040\000C\000l\000a\000s\000e\000\040\000L\000A\000r\000m}{}% 20
\BOOKMARK [2][-]{subsection.5.1}{\376\377\000D\000e\000s\000c\000r\000i\000p\000c\000i\000\363\000n\000\040\000D\000e\000t\000a\000l\000l\000a\000d\000a}{section.5}% 21
\BOOKMARK [2][-]{subsection.5.2}{\376\377\000D\000o\000c\000u\000m\000e\000n\000t\000a\000c\000i\000\363\000n\000\040\000d\000e\000\040\000F\000u\000n\000c\000i\000\363\000n\000\040\000M\000i\000e\000m\000b\000r\000o}{section.5}% 22
\BOOKMARK [3][-]{subsubsection.5.2.1}{\376\377\000g\000e\000t\000E\000l\000b\000o\000w\000R\000o\000l\000l}{subsection.5.2}% 23
\BOOKMARK [3][-]{subsubsection.5.2.2}{\376\377\000g\000e\000t\000E\000l\000b\000o\000w\000Y\000a\000w}{subsection.5.2}% 24
\BOOKMARK [1][-]{section.6}{\376\377\000R\000e\000f\000e\000r\000e\000n\000c\000i\000a\000\040\000d\000e\000\040\000C\000l\000a\000s\000e\000\040\000L\000L\000e\000g}{}% 25
\BOOKMARK [2][-]{subsection.6.1}{\376\377\000D\000e\000s\000c\000r\000i\000p\000c\000i\000\363\000n\000\040\000D\000e\000t\000a\000l\000l\000a\000d\000a}{section.6}% 26
\BOOKMARK [2][-]{subsection.6.2}{\376\377\000D\000o\000c\000u\000m\000e\000n\000t\000a\000c\000i\000\363\000n\000\040\000d\000e\000\040\000F\000u\000n\000c\000i\000\363\000n\000\040\000M\000i\000e\000m\000b\000r\000o}{section.6}% 27
\BOOKMARK [3][-]{subsubsection.6.2.1}{\376\377\000g\000e\000t\000H\000i\000p\000R\000o\000l\000l}{subsection.6.2}% 28
\BOOKMARK [1][-]{section.7}{\376\377\000R\000A\000r\000m\000\040\000C\000l\000a\000s\000s\000\040\000R\000e\000f\000e\000r\000e\000n\000c\000e\000\040\000R\000A\000r\000m}{}% 29
\BOOKMARK [2][-]{subsection.7.1}{\376\377\000D\000e\000s\000c\000r\000i\000p\000c\000i\000\363\000n\000\040\000D\000e\000t\000a\000l\000l\000a\000d\000a}{section.7}% 30
\BOOKMARK [2][-]{subsection.7.2}{\376\377\000D\000o\000c\000u\000m\000e\000n\000t\000a\000c\000i\000\363\000n\000\040\000d\000e\000\040\000F\000u\000n\000c\000i\000\363\000n\000\040\000M\000i\000e\000m\000b\000r\000o}{section.7}% 31
\BOOKMARK [3][-]{subsubsection.7.2.1}{\376\377\000g\000e\000t\000E\000l\000b\000o\000w\000R\000o\000l\000l}{subsection.7.2}% 32
\BOOKMARK [1][-]{section.8}{\376\377\000R\000e\000f\000e\000r\000e\000n\000c\000i\000a\000\040\000d\000e\000\040\000C\000l\000a\000s\000e\000\040\000R\000L\000e\000g}{}% 33
\BOOKMARK [2][-]{subsection.8.1}{\376\377\000D\000e\000s\000c\000r\000i\000p\000c\000i\000\363\000n\000\040\000D\000e\000t\000a\000l\000l\000a\000d\000a}{section.8}% 34
\BOOKMARK [2][-]{subsection.8.2}{\376\377\000D\000o\000c\000u\000m\000e\000n\000t\000a\000c\000i\000\363\000n\000\040\000d\000e\000\040\000F\000u\000n\000c\000i\000\363\000n\000\040\000M\000i\000e\000m\000b\000r\000o}{section.8}% 35
\BOOKMARK [3][-]{subsubsection.8.2.1}{\376\377\000g\000e\000t\000H\000i\000p\000R\000o\000l\000l}{subsection.8.2}% 36
\BOOKMARK [1][-]{section.9}{\376\377\000R\000e\000f\000e\000r\000e\000n\000c\000i\000a\000\040\000d\000e\000\040\000E\000s\000t\000r\000u\000c\000t\000u\000r\000a\000\040\000X\000n\000R\000e\000f\000e\000r\000e\000n\000c\000e\000A\000x\000i\000s}{}% 37
\BOOKMARK [1][-]{section.10}{\376\377\000C\000o\000n\000c\000l\000u\000s\000i\000o\000n\000e\000s\000\040\000y\000\040\000R\000e\000c\000o\000m\000e\000n\000d\000a\000c\000i\000o\000n\000e\000s}{}% 38
\BOOKMARK [1][-]{section.11}{\376\377\000R\000e\000f\000e\000r\000e\000n\000c\000i\000a\000s}{}% 39
\BOOKMARK [1][-]{section.12}{\376\377\000A\000n\000e\000x\000o\000s\000:\000\040\000C\000l\000a\000s\000e\000s\000\040\000i\000m\000p\000l\000e\000m\000e\000n\000t\000a\000d\000a\000s}{}% 40
\BOOKMARK [2][-]{subsection.12.1}{\376\377\000c\000l\000a\000s\000s\000\137\000h\000e\000a\000d}{section.12}% 41
\BOOKMARK [2][-]{subsection.12.2}{\376\377\000c\000l\000a\000s\000s\000\137\000j\000o\000i\000n\000t}{section.12}% 42
\BOOKMARK [2][-]{subsection.12.3}{\376\377\000c\000l\000a\000s\000s\000\137\000l\000\137\000a\000r\000m}{section.12}% 43
\BOOKMARK [2][-]{subsection.12.4}{\376\377\000c\000l\000a\000s\000s\000\137\000l\000\137\000l\000e\000g}{section.12}% 44
\BOOKMARK [2][-]{subsection.12.5}{\376\377\000c\000l\000a\000s\000s\000\137\000r\000\137\000a\000r\000m}{section.12}% 45
\BOOKMARK [2][-]{subsection.12.6}{\376\377\000c\000l\000a\000s\000s\000\137\000r\000\137\000l\000e\000g}{section.12}% 46
\BOOKMARK [2][-]{subsection.12.7}{\376\377\000s\000t\000r\000u\000c\000t\000\137\000x\000n\000\137\000r\000e\000f\000e\000r\000e\000n\000c\000e\000\137\000a\000x\000i\000s}{section.12}% 47
